<?xml version="1.0" encoding="UTF-8"?>
<testsuite xmlns:xsi="http://www.w3.org/2001/XMLSchema-instance" xsi:noNamespaceSchemaLocation="https://maven.apache.org/surefire/maven-surefire-plugin/xsd/surefire-test-report.xsd" name="com.jeff.test.MybatisTest" time="0.448" tests="2" errors="0" skipped="0" failures="0">
  <properties>
    <property name="sun.desktop" value="windows"/>
    <property name="awt.toolkit" value="sun.awt.windows.WToolkit"/>
    <property name="java.specification.version" value="11"/>
    <property name="sun.cpu.isalist" value="amd64"/>
    <property name="sun.jnu.encoding" value="GBK"/>
    <property name="java.class.path" value="C:\develop\LearningNotes\Java\Spring\Spring\14_Mybatis_Config\target\test-classes;C:\develop\LearningNotes\Java\Spring\Spring\14_Mybatis_Config\target\classes;C:\develop\_DATA\Java\module\apache-maven-3.8.3\mvn_repository\junit\junit\4.12\junit-4.12.jar;C:\develop\_DATA\Java\module\apache-maven-3.8.3\mvn_repository\org\hamcrest\hamcrest-core\1.3\hamcrest-core-1.3.jar;C:\develop\_DATA\Java\module\apache-maven-3.8.3\mvn_repository\mysql\mysql-connector-java\8.0.28\mysql-connector-java-8.0.28.jar;C:\develop\_DATA\Java\module\apache-maven-3.8.3\mvn_repository\com\google\protobuf\protobuf-java\3.11.4\protobuf-java-3.11.4.jar;C:\develop\_DATA\Java\module\apache-maven-3.8.3\mvn_repository\org\mybatis\mybatis\3.4.6\mybatis-3.4.6.jar;C:\develop\_DATA\Java\module\apache-maven-3.8.3\mvn_repository\log4j\log4j\1.2.17\log4j-1.2.17.jar;C:\develop\_DATA\Java\module\apache-maven-3.8.3\mvn_repository\com\github\pagehelper\pagehelper\5.2.0\pagehelper-5.2.0.jar;C:\develop\_DATA\Java\module\apache-maven-3.8.3\mvn_repository\com\github\jsqlparser\jsqlparser\3.2\jsqlparser-3.2.jar;"/>
    <property name="java.vm.vendor" value="Microsoft"/>
    <property name="sun.arch.data.model" value="64"/>
    <property name="user.variant" value=""/>
    <property name="java.vendor.url" value="https://www.microsoft.com"/>
    <property name="user.timezone" value="Asia/Shanghai"/>
    <property name="java.vm.specification.version" value="11"/>
    <property name="os.name" value="Windows 10"/>
    <property name="sun.java.launcher" value="SUN_STANDARD"/>
    <property name="user.country" value="CN"/>
    <property name="sun.boot.library.path" value="C:\Program Files\Microsoft\jdk-11.0.12.7-hotspot\bin"/>
    <property name="sun.java.command" value="C:\Users\NUOSEN\AppData\Local\Temp\surefire2617213502874975510\surefirebooter7619295020081002662.jar C:\Users\NUOSEN\AppData\Local\Temp\surefire2617213502874975510 2022-09-28T11-58-57_972-jvmRun1 surefire16825282570813915108tmp surefire_017306479229582988687tmp"/>
    <property name="jdk.debug" value="release"/>
    <property name="surefire.test.class.path" value="C:\develop\LearningNotes\Java\Spring\Spring\14_Mybatis_Config\target\test-classes;C:\develop\LearningNotes\Java\Spring\Spring\14_Mybatis_Config\target\classes;C:\develop\_DATA\Java\module\apache-maven-3.8.3\mvn_repository\junit\junit\4.12\junit-4.12.jar;C:\develop\_DATA\Java\module\apache-maven-3.8.3\mvn_repository\org\hamcrest\hamcrest-core\1.3\hamcrest-core-1.3.jar;C:\develop\_DATA\Java\module\apache-maven-3.8.3\mvn_repository\mysql\mysql-connector-java\8.0.28\mysql-connector-java-8.0.28.jar;C:\develop\_DATA\Java\module\apache-maven-3.8.3\mvn_repository\com\google\protobuf\protobuf-java\3.11.4\protobuf-java-3.11.4.jar;C:\develop\_DATA\Java\module\apache-maven-3.8.3\mvn_repository\org\mybatis\mybatis\3.4.6\mybatis-3.4.6.jar;C:\develop\_DATA\Java\module\apache-maven-3.8.3\mvn_repository\log4j\log4j\1.2.17\log4j-1.2.17.jar;C:\develop\_DATA\Java\module\apache-maven-3.8.3\mvn_repository\com\github\pagehelper\pagehelper\5.2.0\pagehelper-5.2.0.jar;C:\develop\_DATA\Java\module\apache-maven-3.8.3\mvn_repository\com\github\jsqlparser\jsqlparser\3.2\jsqlparser-3.2.jar;"/>
    <property name="sun.cpu.endian" value="little"/>
    <property name="user.home" value="C:\Users\NUOSEN"/>
    <property name="user.language" value="zh"/>
    <property name="java.specification.vendor" value="Oracle Corporation"/>
    <property name="java.version.date" value="2021-07-20"/>
    <property name="java.home" value="C:\Program Files\Microsoft\jdk-11.0.12.7-hotspot"/>
    <property name="file.separator" value="\"/>
    <property name="basedir" value="C:\develop\LearningNotes\Java\Spring\Spring\14_Mybatis_Config"/>
    <property name="java.vm.compressedOopsMode" value="Zero based"/>
    <property name="line.separator" value="&#10;"/>
    <property name="java.specification.name" value="Java Platform API Specification"/>
    <property name="java.vm.specification.vendor" value="Oracle Corporation"/>
    <property name="java.awt.graphicsenv" value="sun.awt.Win32GraphicsEnvironment"/>
    <property name="surefire.real.class.path" value="C:\Users\NUOSEN\AppData\Local\Temp\surefire2617213502874975510\surefirebooter7619295020081002662.jar"/>
    <property name="user.script" value=""/>
    <property name="sun.management.compiler" value="HotSpot 64-Bit Tiered Compilers"/>
    <property name="java.runtime.version" value="11.0.12+7"/>
    <property name="user.name" value="USER"/>
    <property name="path.separator" value=";"/>
    <property name="os.version" value="10.0"/>
    <property name="java.runtime.name" value="OpenJDK Runtime Environment"/>
    <property name="file.encoding" value="GBK"/>
    <property name="java.vm.name" value="OpenJDK 64-Bit Server VM"/>
    <property name="java.vendor.version" value="Microsoft-25199"/>
    <property name="localRepository" value="C:\develop\_DATA\Java\module\apache-maven-3.8.3\mvn_repository"/>
    <property name="java.vendor.url.bug" value="https://github.com/microsoft/openjdk/issues"/>
    <property name="java.io.tmpdir" value="C:\Users\NUOSEN\AppData\Local\Temp\"/>
    <property name="idea.version" value="2021.2.3"/>
    <property name="java.version" value="11.0.12"/>
    <property name="user.dir" value="C:\develop\LearningNotes\Java\Spring\Spring\14_Mybatis_Config"/>
    <property name="os.arch" value="amd64"/>
    <property name="java.vm.specification.name" value="Java Virtual Machine Specification"/>
    <property name="java.awt.printerjob" value="sun.awt.windows.WPrinterJob"/>
    <property name="sun.os.patch.level" value=""/>
    <property name="java.library.path" value="C:\Program Files\Microsoft\jdk-11.0.12.7-hotspot\bin;C:\WINDOWS\Sun\Java\bin;C:\WINDOWS\system32;C:\WINDOWS;C:\develop\python3.7.2\Scripts\;C:\develop\python3.7.2\;C:\develop\python3.6.7\Scripts\;C:\develop\python3.6.7\;C:\Program Files\Common Files\Oracle\Java\javapath;C:\develop\python3.10.0\Scripts\;C:\develop\python3.10.0\;C:\Program Files\Microsoft\jdk-11.0.12.7-hotspot\bin;C:\WINDOWS\system32;C:\WINDOWS;C:\WINDOWS\System32\Wbem;C:\WINDOWS\System32\WindowsPowerShell\v1.0\;C:\WINDOWS\System32\OpenSSH\;C:\develop\matlabR2021a\runtime\win64;C:\develop\matlabR2021a\bin;C:\develop\NI\Shared\LabVIEW CLI;C:\Program Files\dotnet\;C:\Program Files\Microsoft SQL Server\150\Tools\Binn\;C:\Program Files\Microsoft SQL Server\Client SDK\ODBC\170\Tools\Binn\;C:\develop\git2.33.1\cmd;C:\develop\_DATA\mysql-5.5.40\bin;C:\Program Files\MySQL\MySQL Server 5.5\bin;C:\develop\JDK11\bin;C:\develop\_DATA\Java\module\apache-maven-3.8.3\bin;C:\develop\tortoiseGit\bin;C:\Program Files\nodejs\;D:\software\tool\ultraEdit;C:\Users\NUOSEN\AppData\Local\Microsoft\WindowsApps;C:\Users\NUOSEN\.dotnet\tools;C:\develop\PyCharm 2021.2.3\bin;;C:\develop\IntelliJ IDEA 2021.2.3\bin;;C:\Users\NUOSEN\AppData\Roaming\npm;C:\Users\NUOSEN\AppData\Local\GitHubDesktop\bin;C:\develop\Microsoft VS Code\bin;."/>
    <property name="java.vm.info" value="mixed mode"/>
    <property name="java.vendor" value="Microsoft"/>
    <property name="java.vm.version" value="11.0.12+7"/>
    <property name="sun.io.unicode.encoding" value="UnicodeLittle"/>
    <property name="maven.repo.local" value="C:\develop\_DATA\Java\module\apache-maven-3.8.3\mvn_repository"/>
    <property name="java.class.version" value="55.0"/>
  </properties>
  <testcase name="test1" classname="com.jeff.test.MybatisTest" time="0.383"/>
  <testcase name="test2" classname="com.jeff.test.MybatisTest" time="0.04"/>
</testsuite>